EDA Netlist Writer report for DE10_Standard_GHRD
Tue Jun 02 11:30:08 2026
Quartus Prime Version 18.1.0 Build 625 09/12/2018 SJ Lite Edition


---------------------
; Table of Contents ;
---------------------
  1. Legal Notice
  2. EDA Netlist Writer Summary
  3. EDA Netlist Writer Messages



----------------
; Legal Notice ;
----------------
Copyright (C) 2018  Intel Corporation. All rights reserved.
Your use of Intel Corporation's design tools, logic functions 
and other software and tools, and its AMPP partner logic 
functions, and any output files from any of the foregoing 
(including device programming or simulation files), and any 
associated documentation or information are expressly subject 
to the terms and conditions of the Intel Program License 
Subscription Agreement, the Intel Quartus Prime License Agreement,
the Intel FPGA IP License Agreement, or other applicable license
agreement, including, without limitation, that your use is for
the sole purpose of programming logic devices manufactured by
Intel and sold by Intel or its authorized distributors.  Please
refer to the applicable agreement for further details.



+---------------------------------------------------------------+
; EDA Netlist Writer Summary                                    ;
+---------------------------+-----------------------------------+
; EDA Netlist Writer Status ; Failed - Tue Jun 02 11:30:08 2026 ;
; Revision Name             ; DE10_Standard_GHRD                ;
; Top-level Entity Name     ; DE10_Standard_GHRD                ;
; Family                    ; Cyclone V                         ;
+---------------------------+-----------------------------------+


+-----------------------------+
; EDA Netlist Writer Messages ;
+-----------------------------+
Info: *******************************************************************
Info: Running Quartus Prime EDA Netlist Writer
    Info: Version 18.1.0 Build 625 09/12/2018 SJ Lite Edition
    Info: Processing started: Tue Jun 02 11:30:01 2026
Info: Command: quartus_eda --read_settings_files=off --write_settings_files=off DE10_Standard_GHRD -c DE10_Standard_GHRD
Warning (125092): Tcl Script File IP/lpm_divide_ip.qip not found
    Info (125063): set_global_assignment -name QIP_FILE IP/lpm_divide_ip.qip
Critical Warning (138067): Current license file does not support incremental compilation. The Quartus Prime software removes all the user-specified design partitions in the design automatically.
Warning (18236): Number of processors has not been specified which may cause overloading on shared machines.  Set the global assignment NUM_PARALLEL_PROCESSORS in your QSF to an appropriate value for best performance.
Error (204012): Can't generate netlist output files because the file "C:/Users/va956/Desktop/Magnetometro_de_Rb/Lockin/nco_sin_gen/synthesis/submodules/asj_gal.v" is an OpenCore Plus time-limited file. Remove the unlicensed cores or obtain a license for those OpenCore Plus time-limited IP cores used in the design. The Intel FPGA Knowledge Database contains many articles with specific details on how to resolve this error. Visit the Knowledge Database at https://www.altera.com/support/support-resources/knowledge-base/search.html and search for this specific error message number.
Error (204012): Can't generate netlist output files because the file "C:/Users/va956/Desktop/Magnetometro_de_Rb/Lockin/ip/CIC/CIC/synthesis/submodules/auk_dspip_avalon_streaming_sink.vhd" is an OpenCore Plus time-limited file. Remove the unlicensed cores or obtain a license for those OpenCore Plus time-limited IP cores used in the design. The Intel FPGA Knowledge Database contains many articles with specific details on how to resolve this error. Visit the Knowledge Database at https://www.altera.com/support/support-resources/knowledge-base/search.html and search for this specific error message number.
Error (204012): Can't generate netlist output files because the file "C:/Users/va956/Desktop/Magnetometro_de_Rb/Lockin/ip/CIC/CIC/synthesis/submodules/auk_dspip_avalon_streaming_source.vhd" is an OpenCore Plus time-limited file. Remove the unlicensed cores or obtain a license for those OpenCore Plus time-limited IP cores used in the design. The Intel FPGA Knowledge Database contains many articles with specific details on how to resolve this error. Visit the Knowledge Database at https://www.altera.com/support/support-resources/knowledge-base/search.html and search for this specific error message number.
Error (204012): Can't generate netlist output files because the file "C:/Users/va956/Desktop/Magnetometro_de_Rb/Lockin/ip/CIC/CIC/synthesis/submodules/auk_dspip_avalon_streaming_small_fifo.vhd" is an OpenCore Plus time-limited file. Remove the unlicensed cores or obtain a license for those OpenCore Plus time-limited IP cores used in the design. The Intel FPGA Knowledge Database contains many articles with specific details on how to resolve this error. Visit the Knowledge Database at https://www.altera.com/support/support-resources/knowledge-base/search.html and search for this specific error message number.
Error (204012): Can't generate netlist output files because the file "C:/Users/va956/Desktop/Magnetometro_de_Rb/Lockin/ip/CIC/CIC/synthesis/submodules/auk_dspip_downsample.sv" is an OpenCore Plus time-limited file. Remove the unlicensed cores or obtain a license for those OpenCore Plus time-limited IP cores used in the design. The Intel FPGA Knowledge Database contains many articles with specific details on how to resolve this error. Visit the Knowledge Database at https://www.altera.com/support/support-resources/knowledge-base/search.html and search for this specific error message number.
Error (204012): Can't generate netlist output files because the file "C:/Users/va956/Desktop/Magnetometro_de_Rb/Lockin/ip/CIC/CIC/synthesis/submodules/alt_cic_core.sv" is an OpenCore Plus time-limited file. Remove the unlicensed cores or obtain a license for those OpenCore Plus time-limited IP cores used in the design. The Intel FPGA Knowledge Database contains many articles with specific details on how to resolve this error. Visit the Knowledge Database at https://www.altera.com/support/support-resources/knowledge-base/search.html and search for this specific error message number.
Error (204012): Can't generate netlist output files because the file "C:/Users/va956/Desktop/Magnetometro_de_Rb/Lockin/ip/CIC/CIC/synthesis/submodules/counter_module.sv" is an OpenCore Plus time-limited file. Remove the unlicensed cores or obtain a license for those OpenCore Plus time-limited IP cores used in the design. The Intel FPGA Knowledge Database contains many articles with specific details on how to resolve this error. Visit the Knowledge Database at https://www.altera.com/support/support-resources/knowledge-base/search.html and search for this specific error message number.
Error (204012): Can't generate netlist output files because the file "C:/Users/va956/Desktop/Magnetometro_de_Rb/Lockin/ip/CIC/CIC/synthesis/submodules/auk_dspip_channel_buffer.vhd" is an OpenCore Plus time-limited file. Remove the unlicensed cores or obtain a license for those OpenCore Plus time-limited IP cores used in the design. The Intel FPGA Knowledge Database contains many articles with specific details on how to resolve this error. Visit the Knowledge Database at https://www.altera.com/support/support-resources/knowledge-base/search.html and search for this specific error message number.
Error (204012): Can't generate netlist output files because the file "C:/Users/va956/Desktop/Magnetometro_de_Rb/Lockin/nco_sin_gen/synthesis/submodules/asj_nco_fxx.v" is an OpenCore Plus time-limited file. Remove the unlicensed cores or obtain a license for those OpenCore Plus time-limited IP cores used in the design. The Intel FPGA Knowledge Database contains many articles with specific details on how to resolve this error. Visit the Knowledge Database at https://www.altera.com/support/support-resources/knowledge-base/search.html and search for this specific error message number.
Error (204012): Can't generate netlist output files because the file "C:/Users/va956/Desktop/Magnetometro_de_Rb/Lockin/ip/CIC/CIC/synthesis/submodules/auk_dspip_differentiator.vhd" is an OpenCore Plus time-limited file. Remove the unlicensed cores or obtain a license for those OpenCore Plus time-limited IP cores used in the design. The Intel FPGA Knowledge Database contains many articles with specific details on how to resolve this error. Visit the Knowledge Database at https://www.altera.com/support/support-resources/knowledge-base/search.html and search for this specific error message number.
Error (204012): Can't generate netlist output files because the file "C:/Users/va956/Desktop/Magnetometro_de_Rb/Lockin/ip/CIC/CIC/synthesis/submodules/alt_cic_dec_siso.sv" is an OpenCore Plus time-limited file. Remove the unlicensed cores or obtain a license for those OpenCore Plus time-limited IP cores used in the design. The Intel FPGA Knowledge Database contains many articles with specific details on how to resolve this error. Visit the Knowledge Database at https://www.altera.com/support/support-resources/knowledge-base/search.html and search for this specific error message number.
Error (204012): Can't generate netlist output files because the file "C:/Users/va956/Desktop/Magnetometro_de_Rb/Lockin/nco_sin_gen/synthesis/submodules/asj_nco_isdr.v" is an OpenCore Plus time-limited file. Remove the unlicensed cores or obtain a license for those OpenCore Plus time-limited IP cores used in the design. The Intel FPGA Knowledge Database contains many articles with specific details on how to resolve this error. Visit the Knowledge Database at https://www.altera.com/support/support-resources/knowledge-base/search.html and search for this specific error message number.
Error (204012): Can't generate netlist output files because the file "C:/Users/va956/Desktop/Magnetometro_de_Rb/Lockin/nco_sin_gen/synthesis/submodules/asj_altqmcpipe.v" is an OpenCore Plus time-limited file. Remove the unlicensed cores or obtain a license for those OpenCore Plus time-limited IP cores used in the design. The Intel FPGA Knowledge Database contains many articles with specific details on how to resolve this error. Visit the Knowledge Database at https://www.altera.com/support/support-resources/knowledge-base/search.html and search for this specific error message number.
Error (204012): Can't generate netlist output files because the file "C:/Users/va956/Desktop/Magnetometro_de_Rb/Lockin/ip/CIC/CIC/synthesis/submodules/auk_dspip_integrator.vhd" is an OpenCore Plus time-limited file. Remove the unlicensed cores or obtain a license for those OpenCore Plus time-limited IP cores used in the design. The Intel FPGA Knowledge Database contains many articles with specific details on how to resolve this error. Visit the Knowledge Database at https://www.altera.com/support/support-resources/knowledge-base/search.html and search for this specific error message number.
Error (204012): Can't generate netlist output files because the file "C:/Users/va956/Desktop/Magnetometro_de_Rb/Lockin/nco_sin_gen/synthesis/submodules/asj_dxx.v" is an OpenCore Plus time-limited file. Remove the unlicensed cores or obtain a license for those OpenCore Plus time-limited IP cores used in the design. The Intel FPGA Knowledge Database contains many articles with specific details on how to resolve this error. Visit the Knowledge Database at https://www.altera.com/support/support-resources/knowledge-base/search.html and search for this specific error message number.
Error (204012): Can't generate netlist output files because the file "C:/Users/va956/Desktop/Magnetometro_de_Rb/Lockin/nco_sin_gen/synthesis/submodules/asj_dxx_g.v" is an OpenCore Plus time-limited file. Remove the unlicensed cores or obtain a license for those OpenCore Plus time-limited IP cores used in the design. The Intel FPGA Knowledge Database contains many articles with specific details on how to resolve this error. Visit the Knowledge Database at https://www.altera.com/support/support-resources/knowledge-base/search.html and search for this specific error message number.
Error (204012): Can't generate netlist output files because the file "C:/Users/va956/Desktop/Magnetometro_de_Rb/Lockin/nco_sin_gen/synthesis/submodules/asj_nco_apr_dxx.v" is an OpenCore Plus time-limited file. Remove the unlicensed cores or obtain a license for those OpenCore Plus time-limited IP cores used in the design. The Intel FPGA Knowledge Database contains many articles with specific details on how to resolve this error. Visit the Knowledge Database at https://www.altera.com/support/support-resources/knowledge-base/search.html and search for this specific error message number.
Error (204012): Can't generate netlist output files because the file "C:/Users/va956/Desktop/Magnetometro_de_Rb/Lockin/nco_sin_gen/synthesis/submodules/asj_nco_mob_rw.v" is an OpenCore Plus time-limited file. Remove the unlicensed cores or obtain a license for those OpenCore Plus time-limited IP cores used in the design. The Intel FPGA Knowledge Database contains many articles with specific details on how to resolve this error. Visit the Knowledge Database at https://www.altera.com/support/support-resources/knowledge-base/search.html and search for this specific error message number.
Error (204012): Can't generate netlist output files because the file "C:/Users/va956/Desktop/Magnetometro_de_Rb/Lockin/ip/CIC/CIC/synthesis/submodules/auk_dspip_avalon_streaming_controller.vhd" is an OpenCore Plus time-limited file. Remove the unlicensed cores or obtain a license for those OpenCore Plus time-limited IP cores used in the design. The Intel FPGA Knowledge Database contains many articles with specific details on how to resolve this error. Visit the Knowledge Database at https://www.altera.com/support/support-resources/knowledge-base/search.html and search for this specific error message number.
Error (204012): Can't generate netlist output files because the file "C:/Users/va956/Desktop/Magnetometro_de_Rb/Lockin/nco_sin_gen/synthesis/submodules/asj_nco_as_m_cen.v" is an OpenCore Plus time-limited file. Remove the unlicensed cores or obtain a license for those OpenCore Plus time-limited IP cores used in the design. The Intel FPGA Knowledge Database contains many articles with specific details on how to resolve this error. Visit the Knowledge Database at https://www.altera.com/support/support-resources/knowledge-base/search.html and search for this specific error message number.
Error (204012): Can't generate netlist output files because the file "C:/Users/va956/Desktop/Magnetometro_de_Rb/Lockin/ip/CIC/CIC/synthesis/submodules/alt_dsp_cic_common_pkg.sv" is an OpenCore Plus time-limited file. Remove the unlicensed cores or obtain a license for those OpenCore Plus time-limited IP cores used in the design. The Intel FPGA Knowledge Database contains many articles with specific details on how to resolve this error. Visit the Knowledge Database at https://www.altera.com/support/support-resources/knowledge-base/search.html and search for this specific error message number.
Error (204009): Can't generate netlist output files because the license for encrypted file "C:/Users/va956/Desktop/Magnetometro_de_Rb/Lockin/nco_sin_gen/synthesis/submodules/asj_gal.v" is not available
Error (204009): Can't generate netlist output files because the license for encrypted file "C:/Users/va956/Desktop/Magnetometro_de_Rb/Lockin/ip/CIC/CIC/synthesis/submodules/auk_dspip_avalon_streaming_sink.vhd" is not available
Error (204009): Can't generate netlist output files because the license for encrypted file "C:/Users/va956/Desktop/Magnetometro_de_Rb/Lockin/ip/CIC/CIC/synthesis/submodules/auk_dspip_avalon_streaming_source.vhd" is not available
Error (204009): Can't generate netlist output files because the license for encrypted file "C:/Users/va956/Desktop/Magnetometro_de_Rb/Lockin/ip/CIC/CIC/synthesis/submodules/auk_dspip_avalon_streaming_small_fifo.vhd" is not available
Error (204009): Can't generate netlist output files because the license for encrypted file "C:/Users/va956/Desktop/Magnetometro_de_Rb/Lockin/ip/CIC/CIC/synthesis/submodules/auk_dspip_downsample.sv" is not available
Error (204009): Can't generate netlist output files because the license for encrypted file "C:/Users/va956/Desktop/Magnetometro_de_Rb/Lockin/ip/CIC/CIC/synthesis/submodules/alt_cic_core.sv" is not available
Error (204009): Can't generate netlist output files because the license for encrypted file "C:/Users/va956/Desktop/Magnetometro_de_Rb/Lockin/ip/CIC/CIC/synthesis/submodules/counter_module.sv" is not available
Error (204009): Can't generate netlist output files because the license for encrypted file "C:/Users/va956/Desktop/Magnetometro_de_Rb/Lockin/ip/CIC/CIC/synthesis/submodules/auk_dspip_channel_buffer.vhd" is not available
Error (204009): Can't generate netlist output files because the license for encrypted file "C:/Users/va956/Desktop/Magnetometro_de_Rb/Lockin/nco_sin_gen/synthesis/submodules/asj_nco_fxx.v" is not available
Error (204009): Can't generate netlist output files because the license for encrypted file "C:/Users/va956/Desktop/Magnetometro_de_Rb/Lockin/ip/CIC/CIC/synthesis/submodules/auk_dspip_differentiator.vhd" is not available
Error (204009): Can't generate netlist output files because the license for encrypted file "C:/Users/va956/Desktop/Magnetometro_de_Rb/Lockin/ip/CIC/CIC/synthesis/submodules/alt_cic_dec_siso.sv" is not available
Error (204009): Can't generate netlist output files because the license for encrypted file "C:/Users/va956/Desktop/Magnetometro_de_Rb/Lockin/nco_sin_gen/synthesis/submodules/asj_nco_isdr.v" is not available
Error (204009): Can't generate netlist output files because the license for encrypted file "C:/Users/va956/Desktop/Magnetometro_de_Rb/Lockin/nco_sin_gen/synthesis/submodules/asj_altqmcpipe.v" is not available
Error (204009): Can't generate netlist output files because the license for encrypted file "C:/Users/va956/Desktop/Magnetometro_de_Rb/Lockin/ip/CIC/CIC/synthesis/submodules/auk_dspip_integrator.vhd" is not available
Error (204009): Can't generate netlist output files because the license for encrypted file "C:/Users/va956/Desktop/Magnetometro_de_Rb/Lockin/nco_sin_gen/synthesis/submodules/asj_dxx.v" is not available
Error (204009): Can't generate netlist output files because the license for encrypted file "C:/Users/va956/Desktop/Magnetometro_de_Rb/Lockin/nco_sin_gen/synthesis/submodules/asj_dxx_g.v" is not available
Error (204009): Can't generate netlist output files because the license for encrypted file "C:/Users/va956/Desktop/Magnetometro_de_Rb/Lockin/nco_sin_gen/synthesis/submodules/asj_nco_apr_dxx.v" is not available
Error (204009): Can't generate netlist output files because the license for encrypted file "C:/Users/va956/Desktop/Magnetometro_de_Rb/Lockin/nco_sin_gen/synthesis/submodules/asj_nco_mob_rw.v" is not available
Error (204009): Can't generate netlist output files because the license for encrypted file "C:/Users/va956/Desktop/Magnetometro_de_Rb/Lockin/ip/CIC/CIC/synthesis/submodules/auk_dspip_avalon_streaming_controller.vhd" is not available
Error (204009): Can't generate netlist output files because the license for encrypted file "C:/Users/va956/Desktop/Magnetometro_de_Rb/Lockin/nco_sin_gen/synthesis/submodules/asj_nco_as_m_cen.v" is not available
Error (204009): Can't generate netlist output files because the license for encrypted file "C:/Users/va956/Desktop/Magnetometro_de_Rb/Lockin/ip/CIC/CIC/synthesis/submodules/alt_dsp_cic_common_pkg.sv" is not available
Error (204012): Can't generate netlist output files because the file "C:/Users/va956/Desktop/Magnetometro_de_Rb/Lockin/nco_sin_gen/synthesis/submodules/asj_gal.v" is an OpenCore Plus time-limited file. Remove the unlicensed cores or obtain a license for those OpenCore Plus time-limited IP cores used in the design. The Intel FPGA Knowledge Database contains many articles with specific details on how to resolve this error. Visit the Knowledge Database at https://www.altera.com/support/support-resources/knowledge-base/search.html and search for this specific error message number.
Error (204012): Can't generate netlist output files because the file "C:/Users/va956/Desktop/Magnetometro_de_Rb/Lockin/ip/CIC/CIC/synthesis/submodules/auk_dspip_avalon_streaming_sink.vhd" is an OpenCore Plus time-limited file. Remove the unlicensed cores or obtain a license for those OpenCore Plus time-limited IP cores used in the design. The Intel FPGA Knowledge Database contains many articles with specific details on how to resolve this error. Visit the Knowledge Database at https://www.altera.com/support/support-resources/knowledge-base/search.html and search for this specific error message number.
Error (204012): Can't generate netlist output files because the file "C:/Users/va956/Desktop/Magnetometro_de_Rb/Lockin/ip/CIC/CIC/synthesis/submodules/auk_dspip_avalon_streaming_source.vhd" is an OpenCore Plus time-limited file. Remove the unlicensed cores or obtain a license for those OpenCore Plus time-limited IP cores used in the design. The Intel FPGA Knowledge Database contains many articles with specific details on how to resolve this error. Visit the Knowledge Database at https://www.altera.com/support/support-resources/knowledge-base/search.html and search for this specific error message number.
Error (204012): Can't generate netlist output files because the file "C:/Users/va956/Desktop/Magnetometro_de_Rb/Lockin/ip/CIC/CIC/synthesis/submodules/auk_dspip_avalon_streaming_small_fifo.vhd" is an OpenCore Plus time-limited file. Remove the unlicensed cores or obtain a license for those OpenCore Plus time-limited IP cores used in the design. The Intel FPGA Knowledge Database contains many articles with specific details on how to resolve this error. Visit the Knowledge Database at https://www.altera.com/support/support-resources/knowledge-base/search.html and search for this specific error message number.
Error (204012): Can't generate netlist output files because the file "C:/Users/va956/Desktop/Magnetometro_de_Rb/Lockin/ip/CIC/CIC/synthesis/submodules/auk_dspip_downsample.sv" is an OpenCore Plus time-limited file. Remove the unlicensed cores or obtain a license for those OpenCore Plus time-limited IP cores used in the design. The Intel FPGA Knowledge Database contains many articles with specific details on how to resolve this error. Visit the Knowledge Database at https://www.altera.com/support/support-resources/knowledge-base/search.html and search for this specific error message number.
Error (204012): Can't generate netlist output files because the file "C:/Users/va956/Desktop/Magnetometro_de_Rb/Lockin/ip/CIC/CIC/synthesis/submodules/alt_cic_core.sv" is an OpenCore Plus time-limited file. Remove the unlicensed cores or obtain a license for those OpenCore Plus time-limited IP cores used in the design. The Intel FPGA Knowledge Database contains many articles with specific details on how to resolve this error. Visit the Knowledge Database at https://www.altera.com/support/support-resources/knowledge-base/search.html and search for this specific error message number.
Error (204012): Can't generate netlist output files because the file "C:/Users/va956/Desktop/Magnetometro_de_Rb/Lockin/ip/CIC/CIC/synthesis/submodules/counter_module.sv" is an OpenCore Plus time-limited file. Remove the unlicensed cores or obtain a license for those OpenCore Plus time-limited IP cores used in the design. The Intel FPGA Knowledge Database contains many articles with specific details on how to resolve this error. Visit the Knowledge Database at https://www.altera.com/support/support-resources/knowledge-base/search.html and search for this specific error message number.
Error (204012): Can't generate netlist output files because the file "C:/Users/va956/Desktop/Magnetometro_de_Rb/Lockin/ip/CIC/CIC/synthesis/submodules/auk_dspip_channel_buffer.vhd" is an OpenCore Plus time-limited file. Remove the unlicensed cores or obtain a license for those OpenCore Plus time-limited IP cores used in the design. The Intel FPGA Knowledge Database contains many articles with specific details on how to resolve this error. Visit the Knowledge Database at https://www.altera.com/support/support-resources/knowledge-base/search.html and search for this specific error message number.
Error (204012): Can't generate netlist output files because the file "C:/Users/va956/Desktop/Magnetometro_de_Rb/Lockin/nco_sin_gen/synthesis/submodules/asj_nco_fxx.v" is an OpenCore Plus time-limited file. Remove the unlicensed cores or obtain a license for those OpenCore Plus time-limited IP cores used in the design. The Intel FPGA Knowledge Database contains many articles with specific details on how to resolve this error. Visit the Knowledge Database at https://www.altera.com/support/support-resources/knowledge-base/search.html and search for this specific error message number.
Error (204012): Can't generate netlist output files because the file "C:/Users/va956/Desktop/Magnetometro_de_Rb/Lockin/ip/CIC/CIC/synthesis/submodules/auk_dspip_differentiator.vhd" is an OpenCore Plus time-limited file. Remove the unlicensed cores or obtain a license for those OpenCore Plus time-limited IP cores used in the design. The Intel FPGA Knowledge Database contains many articles with specific details on how to resolve this error. Visit the Knowledge Database at https://www.altera.com/support/support-resources/knowledge-base/search.html and search for this specific error message number.
Error (204012): Can't generate netlist output files because the file "C:/Users/va956/Desktop/Magnetometro_de_Rb/Lockin/ip/CIC/CIC/synthesis/submodules/alt_cic_dec_siso.sv" is an OpenCore Plus time-limited file. Remove the unlicensed cores or obtain a license for those OpenCore Plus time-limited IP cores used in the design. The Intel FPGA Knowledge Database contains many articles with specific details on how to resolve this error. Visit the Knowledge Database at https://www.altera.com/support/support-resources/knowledge-base/search.html and search for this specific error message number.
Error (204012): Can't generate netlist output files because the file "C:/Users/va956/Desktop/Magnetometro_de_Rb/Lockin/nco_sin_gen/synthesis/submodules/asj_nco_isdr.v" is an OpenCore Plus time-limited file. Remove the unlicensed cores or obtain a license for those OpenCore Plus time-limited IP cores used in the design. The Intel FPGA Knowledge Database contains many articles with specific details on how to resolve this error. Visit the Knowledge Database at https://www.altera.com/support/support-resources/knowledge-base/search.html and search for this specific error message number.
Error (204012): Can't generate netlist output files because the file "C:/Users/va956/Desktop/Magnetometro_de_Rb/Lockin/nco_sin_gen/synthesis/submodules/asj_altqmcpipe.v" is an OpenCore Plus time-limited file. Remove the unlicensed cores or obtain a license for those OpenCore Plus time-limited IP cores used in the design. The Intel FPGA Knowledge Database contains many articles with specific details on how to resolve this error. Visit the Knowledge Database at https://www.altera.com/support/support-resources/knowledge-base/search.html and search for this specific error message number.
Error (204012): Can't generate netlist output files because the file "C:/Users/va956/Desktop/Magnetometro_de_Rb/Lockin/ip/CIC/CIC/synthesis/submodules/auk_dspip_integrator.vhd" is an OpenCore Plus time-limited file. Remove the unlicensed cores or obtain a license for those OpenCore Plus time-limited IP cores used in the design. The Intel FPGA Knowledge Database contains many articles with specific details on how to resolve this error. Visit the Knowledge Database at https://www.altera.com/support/support-resources/knowledge-base/search.html and search for this specific error message number.
Error (204012): Can't generate netlist output files because the file "C:/Users/va956/Desktop/Magnetometro_de_Rb/Lockin/nco_sin_gen/synthesis/submodules/asj_dxx.v" is an OpenCore Plus time-limited file. Remove the unlicensed cores or obtain a license for those OpenCore Plus time-limited IP cores used in the design. The Intel FPGA Knowledge Database contains many articles with specific details on how to resolve this error. Visit the Knowledge Database at https://www.altera.com/support/support-resources/knowledge-base/search.html and search for this specific error message number.
Error (204012): Can't generate netlist output files because the file "C:/Users/va956/Desktop/Magnetometro_de_Rb/Lockin/nco_sin_gen/synthesis/submodules/asj_dxx_g.v" is an OpenCore Plus time-limited file. Remove the unlicensed cores or obtain a license for those OpenCore Plus time-limited IP cores used in the design. The Intel FPGA Knowledge Database contains many articles with specific details on how to resolve this error. Visit the Knowledge Database at https://www.altera.com/support/support-resources/knowledge-base/search.html and search for this specific error message number.
Error (204012): Can't generate netlist output files because the file "C:/Users/va956/Desktop/Magnetometro_de_Rb/Lockin/nco_sin_gen/synthesis/submodules/asj_nco_apr_dxx.v" is an OpenCore Plus time-limited file. Remove the unlicensed cores or obtain a license for those OpenCore Plus time-limited IP cores used in the design. The Intel FPGA Knowledge Database contains many articles with specific details on how to resolve this error. Visit the Knowledge Database at https://www.altera.com/support/support-resources/knowledge-base/search.html and search for this specific error message number.
Error (204012): Can't generate netlist output files because the file "C:/Users/va956/Desktop/Magnetometro_de_Rb/Lockin/nco_sin_gen/synthesis/submodules/asj_nco_mob_rw.v" is an OpenCore Plus time-limited file. Remove the unlicensed cores or obtain a license for those OpenCore Plus time-limited IP cores used in the design. The Intel FPGA Knowledge Database contains many articles with specific details on how to resolve this error. Visit the Knowledge Database at https://www.altera.com/support/support-resources/knowledge-base/search.html and search for this specific error message number.
Error (204012): Can't generate netlist output files because the file "C:/Users/va956/Desktop/Magnetometro_de_Rb/Lockin/ip/CIC/CIC/synthesis/submodules/auk_dspip_avalon_streaming_controller.vhd" is an OpenCore Plus time-limited file. Remove the unlicensed cores or obtain a license for those OpenCore Plus time-limited IP cores used in the design. The Intel FPGA Knowledge Database contains many articles with specific details on how to resolve this error. Visit the Knowledge Database at https://www.altera.com/support/support-resources/knowledge-base/search.html and search for this specific error message number.
Error (204012): Can't generate netlist output files because the file "C:/Users/va956/Desktop/Magnetometro_de_Rb/Lockin/nco_sin_gen/synthesis/submodules/asj_nco_as_m_cen.v" is an OpenCore Plus time-limited file. Remove the unlicensed cores or obtain a license for those OpenCore Plus time-limited IP cores used in the design. The Intel FPGA Knowledge Database contains many articles with specific details on how to resolve this error. Visit the Knowledge Database at https://www.altera.com/support/support-resources/knowledge-base/search.html and search for this specific error message number.
Error (204012): Can't generate netlist output files because the file "C:/Users/va956/Desktop/Magnetometro_de_Rb/Lockin/ip/CIC/CIC/synthesis/submodules/alt_dsp_cic_common_pkg.sv" is an OpenCore Plus time-limited file. Remove the unlicensed cores or obtain a license for those OpenCore Plus time-limited IP cores used in the design. The Intel FPGA Knowledge Database contains many articles with specific details on how to resolve this error. Visit the Knowledge Database at https://www.altera.com/support/support-resources/knowledge-base/search.html and search for this specific error message number.
Error (204009): Can't generate netlist output files because the license for encrypted file "C:/Users/va956/Desktop/Magnetometro_de_Rb/Lockin/nco_sin_gen/synthesis/submodules/asj_gal.v" is not available
Error (204009): Can't generate netlist output files because the license for encrypted file "C:/Users/va956/Desktop/Magnetometro_de_Rb/Lockin/ip/CIC/CIC/synthesis/submodules/auk_dspip_avalon_streaming_sink.vhd" is not available
Error (204009): Can't generate netlist output files because the license for encrypted file "C:/Users/va956/Desktop/Magnetometro_de_Rb/Lockin/ip/CIC/CIC/synthesis/submodules/auk_dspip_avalon_streaming_source.vhd" is not available
Error (204009): Can't generate netlist output files because the license for encrypted file "C:/Users/va956/Desktop/Magnetometro_de_Rb/Lockin/ip/CIC/CIC/synthesis/submodules/auk_dspip_avalon_streaming_small_fifo.vhd" is not available
Error (204009): Can't generate netlist output files because the license for encrypted file "C:/Users/va956/Desktop/Magnetometro_de_Rb/Lockin/ip/CIC/CIC/synthesis/submodules/auk_dspip_downsample.sv" is not available
Error (204009): Can't generate netlist output files because the license for encrypted file "C:/Users/va956/Desktop/Magnetometro_de_Rb/Lockin/ip/CIC/CIC/synthesis/submodules/alt_cic_core.sv" is not available
Error (204009): Can't generate netlist output files because the license for encrypted file "C:/Users/va956/Desktop/Magnetometro_de_Rb/Lockin/ip/CIC/CIC/synthesis/submodules/counter_module.sv" is not available
Error (204009): Can't generate netlist output files because the license for encrypted file "C:/Users/va956/Desktop/Magnetometro_de_Rb/Lockin/ip/CIC/CIC/synthesis/submodules/auk_dspip_channel_buffer.vhd" is not available
Error (204009): Can't generate netlist output files because the license for encrypted file "C:/Users/va956/Desktop/Magnetometro_de_Rb/Lockin/nco_sin_gen/synthesis/submodules/asj_nco_fxx.v" is not available
Error (204009): Can't generate netlist output files because the license for encrypted file "C:/Users/va956/Desktop/Magnetometro_de_Rb/Lockin/ip/CIC/CIC/synthesis/submodules/auk_dspip_differentiator.vhd" is not available
Error (204009): Can't generate netlist output files because the license for encrypted file "C:/Users/va956/Desktop/Magnetometro_de_Rb/Lockin/ip/CIC/CIC/synthesis/submodules/alt_cic_dec_siso.sv" is not available
Error (204009): Can't generate netlist output files because the license for encrypted file "C:/Users/va956/Desktop/Magnetometro_de_Rb/Lockin/nco_sin_gen/synthesis/submodules/asj_nco_isdr.v" is not available
Error (204009): Can't generate netlist output files because the license for encrypted file "C:/Users/va956/Desktop/Magnetometro_de_Rb/Lockin/nco_sin_gen/synthesis/submodules/asj_altqmcpipe.v" is not available
Error (204009): Can't generate netlist output files because the license for encrypted file "C:/Users/va956/Desktop/Magnetometro_de_Rb/Lockin/ip/CIC/CIC/synthesis/submodules/auk_dspip_integrator.vhd" is not available
Error (204009): Can't generate netlist output files because the license for encrypted file "C:/Users/va956/Desktop/Magnetometro_de_Rb/Lockin/nco_sin_gen/synthesis/submodules/asj_dxx.v" is not available
Error (204009): Can't generate netlist output files because the license for encrypted file "C:/Users/va956/Desktop/Magnetometro_de_Rb/Lockin/nco_sin_gen/synthesis/submodules/asj_dxx_g.v" is not available
Error (204009): Can't generate netlist output files because the license for encrypted file "C:/Users/va956/Desktop/Magnetometro_de_Rb/Lockin/nco_sin_gen/synthesis/submodules/asj_nco_apr_dxx.v" is not available
Error (204009): Can't generate netlist output files because the license for encrypted file "C:/Users/va956/Desktop/Magnetometro_de_Rb/Lockin/nco_sin_gen/synthesis/submodules/asj_nco_mob_rw.v" is not available
Error (204009): Can't generate netlist output files because the license for encrypted file "C:/Users/va956/Desktop/Magnetometro_de_Rb/Lockin/ip/CIC/CIC/synthesis/submodules/auk_dspip_avalon_streaming_controller.vhd" is not available
Error (204009): Can't generate netlist output files because the license for encrypted file "C:/Users/va956/Desktop/Magnetometro_de_Rb/Lockin/nco_sin_gen/synthesis/submodules/asj_nco_as_m_cen.v" is not available
Error (204009): Can't generate netlist output files because the license for encrypted file "C:/Users/va956/Desktop/Magnetometro_de_Rb/Lockin/ip/CIC/CIC/synthesis/submodules/alt_dsp_cic_common_pkg.sv" is not available
Error (204012): Can't generate netlist output files because the file "C:/Users/va956/Desktop/Magnetometro_de_Rb/Lockin/nco_sin_gen/synthesis/submodules/asj_gal.v" is an OpenCore Plus time-limited file. Remove the unlicensed cores or obtain a license for those OpenCore Plus time-limited IP cores used in the design. The Intel FPGA Knowledge Database contains many articles with specific details on how to resolve this error. Visit the Knowledge Database at https://www.altera.com/support/support-resources/knowledge-base/search.html and search for this specific error message number.
Error (204012): Can't generate netlist output files because the file "C:/Users/va956/Desktop/Magnetometro_de_Rb/Lockin/ip/CIC/CIC/synthesis/submodules/auk_dspip_avalon_streaming_sink.vhd" is an OpenCore Plus time-limited file. Remove the unlicensed cores or obtain a license for those OpenCore Plus time-limited IP cores used in the design. The Intel FPGA Knowledge Database contains many articles with specific details on how to resolve this error. Visit the Knowledge Database at https://www.altera.com/support/support-resources/knowledge-base/search.html and search for this specific error message number.
Error (204012): Can't generate netlist output files because the file "C:/Users/va956/Desktop/Magnetometro_de_Rb/Lockin/ip/CIC/CIC/synthesis/submodules/auk_dspip_avalon_streaming_source.vhd" is an OpenCore Plus time-limited file. Remove the unlicensed cores or obtain a license for those OpenCore Plus time-limited IP cores used in the design. The Intel FPGA Knowledge Database contains many articles with specific details on how to resolve this error. Visit the Knowledge Database at https://www.altera.com/support/support-resources/knowledge-base/search.html and search for this specific error message number.
Error (204012): Can't generate netlist output files because the file "C:/Users/va956/Desktop/Magnetometro_de_Rb/Lockin/ip/CIC/CIC/synthesis/submodules/auk_dspip_avalon_streaming_small_fifo.vhd" is an OpenCore Plus time-limited file. Remove the unlicensed cores or obtain a license for those OpenCore Plus time-limited IP cores used in the design. The Intel FPGA Knowledge Database contains many articles with specific details on how to resolve this error. Visit the Knowledge Database at https://www.altera.com/support/support-resources/knowledge-base/search.html and search for this specific error message number.
Error (204012): Can't generate netlist output files because the file "C:/Users/va956/Desktop/Magnetometro_de_Rb/Lockin/ip/CIC/CIC/synthesis/submodules/auk_dspip_downsample.sv" is an OpenCore Plus time-limited file. Remove the unlicensed cores or obtain a license for those OpenCore Plus time-limited IP cores used in the design. The Intel FPGA Knowledge Database contains many articles with specific details on how to resolve this error. Visit the Knowledge Database at https://www.altera.com/support/support-resources/knowledge-base/search.html and search for this specific error message number.
Error (204012): Can't generate netlist output files because the file "C:/Users/va956/Desktop/Magnetometro_de_Rb/Lockin/ip/CIC/CIC/synthesis/submodules/alt_cic_core.sv" is an OpenCore Plus time-limited file. Remove the unlicensed cores or obtain a license for those OpenCore Plus time-limited IP cores used in the design. The Intel FPGA Knowledge Database contains many articles with specific details on how to resolve this error. Visit the Knowledge Database at https://www.altera.com/support/support-resources/knowledge-base/search.html and search for this specific error message number.
Error (204012): Can't generate netlist output files because the file "C:/Users/va956/Desktop/Magnetometro_de_Rb/Lockin/ip/CIC/CIC/synthesis/submodules/counter_module.sv" is an OpenCore Plus time-limited file. Remove the unlicensed cores or obtain a license for those OpenCore Plus time-limited IP cores used in the design. The Intel FPGA Knowledge Database contains many articles with specific details on how to resolve this error. Visit the Knowledge Database at https://www.altera.com/support/support-resources/knowledge-base/search.html and search for this specific error message number.
Error (204012): Can't generate netlist output files because the file "C:/Users/va956/Desktop/Magnetometro_de_Rb/Lockin/ip/CIC/CIC/synthesis/submodules/auk_dspip_channel_buffer.vhd" is an OpenCore Plus time-limited file. Remove the unlicensed cores or obtain a license for those OpenCore Plus time-limited IP cores used in the design. The Intel FPGA Knowledge Database contains many articles with specific details on how to resolve this error. Visit the Knowledge Database at https://www.altera.com/support/support-resources/knowledge-base/search.html and search for this specific error message number.
Error (204012): Can't generate netlist output files because the file "C:/Users/va956/Desktop/Magnetometro_de_Rb/Lockin/nco_sin_gen/synthesis/submodules/asj_nco_fxx.v" is an OpenCore Plus time-limited file. Remove the unlicensed cores or obtain a license for those OpenCore Plus time-limited IP cores used in the design. The Intel FPGA Knowledge Database contains many articles with specific details on how to resolve this error. Visit the Knowledge Database at https://www.altera.com/support/support-resources/knowledge-base/search.html and search for this specific error message number.
Error (204012): Can't generate netlist output files because the file "C:/Users/va956/Desktop/Magnetometro_de_Rb/Lockin/ip/CIC/CIC/synthesis/submodules/auk_dspip_differentiator.vhd" is an OpenCore Plus time-limited file. Remove the unlicensed cores or obtain a license for those OpenCore Plus time-limited IP cores used in the design. The Intel FPGA Knowledge Database contains many articles with specific details on how to resolve this error. Visit the Knowledge Database at https://www.altera.com/support/support-resources/knowledge-base/search.html and search for this specific error message number.
Error (204012): Can't generate netlist output files because the file "C:/Users/va956/Desktop/Magnetometro_de_Rb/Lockin/ip/CIC/CIC/synthesis/submodules/alt_cic_dec_siso.sv" is an OpenCore Plus time-limited file. Remove the unlicensed cores or obtain a license for those OpenCore Plus time-limited IP cores used in the design. The Intel FPGA Knowledge Database contains many articles with specific details on how to resolve this error. Visit the Knowledge Database at https://www.altera.com/support/support-resources/knowledge-base/search.html and search for this specific error message number.
Error (204012): Can't generate netlist output files because the file "C:/Users/va956/Desktop/Magnetometro_de_Rb/Lockin/nco_sin_gen/synthesis/submodules/asj_nco_isdr.v" is an OpenCore Plus time-limited file. Remove the unlicensed cores or obtain a license for those OpenCore Plus time-limited IP cores used in the design. The Intel FPGA Knowledge Database contains many articles with specific details on how to resolve this error. Visit the Knowledge Database at https://www.altera.com/support/support-resources/knowledge-base/search.html and search for this specific error message number.
Error (204012): Can't generate netlist output files because the file "C:/Users/va956/Desktop/Magnetometro_de_Rb/Lockin/nco_sin_gen/synthesis/submodules/asj_altqmcpipe.v" is an OpenCore Plus time-limited file. Remove the unlicensed cores or obtain a license for those OpenCore Plus time-limited IP cores used in the design. The Intel FPGA Knowledge Database contains many articles with specific details on how to resolve this error. Visit the Knowledge Database at https://www.altera.com/support/support-resources/knowledge-base/search.html and search for this specific error message number.
Error (204012): Can't generate netlist output files because the file "C:/Users/va956/Desktop/Magnetometro_de_Rb/Lockin/ip/CIC/CIC/synthesis/submodules/auk_dspip_integrator.vhd" is an OpenCore Plus time-limited file. Remove the unlicensed cores or obtain a license for those OpenCore Plus time-limited IP cores used in the design. The Intel FPGA Knowledge Database contains many articles with specific details on how to resolve this error. Visit the Knowledge Database at https://www.altera.com/support/support-resources/knowledge-base/search.html and search for this specific error message number.
Error (204012): Can't generate netlist output files because the file "C:/Users/va956/Desktop/Magnetometro_de_Rb/Lockin/nco_sin_gen/synthesis/submodules/asj_dxx.v" is an OpenCore Plus time-limited file. Remove the unlicensed cores or obtain a license for those OpenCore Plus time-limited IP cores used in the design. The Intel FPGA Knowledge Database contains many articles with specific details on how to resolve this error. Visit the Knowledge Database at https://www.altera.com/support/support-resources/knowledge-base/search.html and search for this specific error message number.
Error (204012): Can't generate netlist output files because the file "C:/Users/va956/Desktop/Magnetometro_de_Rb/Lockin/nco_sin_gen/synthesis/submodules/asj_dxx_g.v" is an OpenCore Plus time-limited file. Remove the unlicensed cores or obtain a license for those OpenCore Plus time-limited IP cores used in the design. The Intel FPGA Knowledge Database contains many articles with specific details on how to resolve this error. Visit the Knowledge Database at https://www.altera.com/support/support-resources/knowledge-base/search.html and search for this specific error message number.
Error (204012): Can't generate netlist output files because the file "C:/Users/va956/Desktop/Magnetometro_de_Rb/Lockin/nco_sin_gen/synthesis/submodules/asj_nco_apr_dxx.v" is an OpenCore Plus time-limited file. Remove the unlicensed cores or obtain a license for those OpenCore Plus time-limited IP cores used in the design. The Intel FPGA Knowledge Database contains many articles with specific details on how to resolve this error. Visit the Knowledge Database at https://www.altera.com/support/support-resources/knowledge-base/search.html and search for this specific error message number.
Error (204012): Can't generate netlist output files because the file "C:/Users/va956/Desktop/Magnetometro_de_Rb/Lockin/nco_sin_gen/synthesis/submodules/asj_nco_mob_rw.v" is an OpenCore Plus time-limited file. Remove the unlicensed cores or obtain a license for those OpenCore Plus time-limited IP cores used in the design. The Intel FPGA Knowledge Database contains many articles with specific details on how to resolve this error. Visit the Knowledge Database at https://www.altera.com/support/support-resources/knowledge-base/search.html and search for this specific error message number.
Error (204012): Can't generate netlist output files because the file "C:/Users/va956/Desktop/Magnetometro_de_Rb/Lockin/ip/CIC/CIC/synthesis/submodules/auk_dspip_avalon_streaming_controller.vhd" is an OpenCore Plus time-limited file. Remove the unlicensed cores or obtain a license for those OpenCore Plus time-limited IP cores used in the design. The Intel FPGA Knowledge Database contains many articles with specific details on how to resolve this error. Visit the Knowledge Database at https://www.altera.com/support/support-resources/knowledge-base/search.html and search for this specific error message number.
Error (204012): Can't generate netlist output files because the file "C:/Users/va956/Desktop/Magnetometro_de_Rb/Lockin/nco_sin_gen/synthesis/submodules/asj_nco_as_m_cen.v" is an OpenCore Plus time-limited file. Remove the unlicensed cores or obtain a license for those OpenCore Plus time-limited IP cores used in the design. The Intel FPGA Knowledge Database contains many articles with specific details on how to resolve this error. Visit the Knowledge Database at https://www.altera.com/support/support-resources/knowledge-base/search.html and search for this specific error message number.
Error (204012): Can't generate netlist output files because the file "C:/Users/va956/Desktop/Magnetometro_de_Rb/Lockin/ip/CIC/CIC/synthesis/submodules/alt_dsp_cic_common_pkg.sv" is an OpenCore Plus time-limited file. Remove the unlicensed cores or obtain a license for those OpenCore Plus time-limited IP cores used in the design. The Intel FPGA Knowledge Database contains many articles with specific details on how to resolve this error. Visit the Knowledge Database at https://www.altera.com/support/support-resources/knowledge-base/search.html and search for this specific error message number.
Error (204009): Can't generate netlist output files because the license for encrypted file "C:/Users/va956/Desktop/Magnetometro_de_Rb/Lockin/nco_sin_gen/synthesis/submodules/asj_gal.v" is not available
Error (204009): Can't generate netlist output files because the license for encrypted file "C:/Users/va956/Desktop/Magnetometro_de_Rb/Lockin/ip/CIC/CIC/synthesis/submodules/auk_dspip_avalon_streaming_sink.vhd" is not available
Error (204009): Can't generate netlist output files because the license for encrypted file "C:/Users/va956/Desktop/Magnetometro_de_Rb/Lockin/ip/CIC/CIC/synthesis/submodules/auk_dspip_avalon_streaming_source.vhd" is not available
Error (204009): Can't generate netlist output files because the license for encrypted file "C:/Users/va956/Desktop/Magnetometro_de_Rb/Lockin/ip/CIC/CIC/synthesis/submodules/auk_dspip_avalon_streaming_small_fifo.vhd" is not available
Error (204009): Can't generate netlist output files because the license for encrypted file "C:/Users/va956/Desktop/Magnetometro_de_Rb/Lockin/ip/CIC/CIC/synthesis/submodules/auk_dspip_downsample.sv" is not available
Error (204009): Can't generate netlist output files because the license for encrypted file "C:/Users/va956/Desktop/Magnetometro_de_Rb/Lockin/ip/CIC/CIC/synthesis/submodules/alt_cic_core.sv" is not available
Error (204009): Can't generate netlist output files because the license for encrypted file "C:/Users/va956/Desktop/Magnetometro_de_Rb/Lockin/ip/CIC/CIC/synthesis/submodules/counter_module.sv" is not available
Error (204009): Can't generate netlist output files because the license for encrypted file "C:/Users/va956/Desktop/Magnetometro_de_Rb/Lockin/ip/CIC/CIC/synthesis/submodules/auk_dspip_channel_buffer.vhd" is not available
Error (204009): Can't generate netlist output files because the license for encrypted file "C:/Users/va956/Desktop/Magnetometro_de_Rb/Lockin/nco_sin_gen/synthesis/submodules/asj_nco_fxx.v" is not available
Error (204009): Can't generate netlist output files because the license for encrypted file "C:/Users/va956/Desktop/Magnetometro_de_Rb/Lockin/ip/CIC/CIC/synthesis/submodules/auk_dspip_differentiator.vhd" is not available
Error (204009): Can't generate netlist output files because the license for encrypted file "C:/Users/va956/Desktop/Magnetometro_de_Rb/Lockin/ip/CIC/CIC/synthesis/submodules/alt_cic_dec_siso.sv" is not available
Error (204009): Can't generate netlist output files because the license for encrypted file "C:/Users/va956/Desktop/Magnetometro_de_Rb/Lockin/nco_sin_gen/synthesis/submodules/asj_nco_isdr.v" is not available
Error (204009): Can't generate netlist output files because the license for encrypted file "C:/Users/va956/Desktop/Magnetometro_de_Rb/Lockin/nco_sin_gen/synthesis/submodules/asj_altqmcpipe.v" is not available
Error (204009): Can't generate netlist output files because the license for encrypted file "C:/Users/va956/Desktop/Magnetometro_de_Rb/Lockin/ip/CIC/CIC/synthesis/submodules/auk_dspip_integrator.vhd" is not available
Error (204009): Can't generate netlist output files because the license for encrypted file "C:/Users/va956/Desktop/Magnetometro_de_Rb/Lockin/nco_sin_gen/synthesis/submodules/asj_dxx.v" is not available
Error (204009): Can't generate netlist output files because the license for encrypted file "C:/Users/va956/Desktop/Magnetometro_de_Rb/Lockin/nco_sin_gen/synthesis/submodules/asj_dxx_g.v" is not available
Error (204009): Can't generate netlist output files because the license for encrypted file "C:/Users/va956/Desktop/Magnetometro_de_Rb/Lockin/nco_sin_gen/synthesis/submodules/asj_nco_apr_dxx.v" is not available
Error (204009): Can't generate netlist output files because the license for encrypted file "C:/Users/va956/Desktop/Magnetometro_de_Rb/Lockin/nco_sin_gen/synthesis/submodules/asj_nco_mob_rw.v" is not available
Error (204009): Can't generate netlist output files because the license for encrypted file "C:/Users/va956/Desktop/Magnetometro_de_Rb/Lockin/ip/CIC/CIC/synthesis/submodules/auk_dspip_avalon_streaming_controller.vhd" is not available
Error (204009): Can't generate netlist output files because the license for encrypted file "C:/Users/va956/Desktop/Magnetometro_de_Rb/Lockin/nco_sin_gen/synthesis/submodules/asj_nco_as_m_cen.v" is not available
Error (204009): Can't generate netlist output files because the license for encrypted file "C:/Users/va956/Desktop/Magnetometro_de_Rb/Lockin/ip/CIC/CIC/synthesis/submodules/alt_dsp_cic_common_pkg.sv" is not available
Error: Quartus Prime EDA Netlist Writer was unsuccessful. 126 errors, 3 warnings
    Error: Peak virtual memory: 4949 megabytes
    Error: Processing ended: Tue Jun 02 11:30:08 2026
    Error: Elapsed time: 00:00:07
    Error: Total CPU time (on all processors): 00:00:07


