Assembler report for DE10_Standard_GHRD
Wed Jun 17 12:23:38 2026
Quartus Prime Version 18.1.0 Build 625 09/12/2018 SJ Lite Edition


---------------------
; Table of Contents ;
---------------------
  1. Legal Notice
  2. Assembler Summary
  3. Assembler Settings
  4. Assembler Encrypted IP Cores Summary
  5. Assembler Messages



----------------
; Legal Notice ;
----------------
Copyright (C) 2018  Intel Corporation. All rights reserved.
Your use of Intel Corporation's design tools, logic functions 
and other software and tools, and its AMPP partner logic 
functions, and any output files from any of the foregoing 
(including device programming or simulation files), and any 
associated documentation or information are expressly subject 
to the terms and conditions of the Intel Program License 
Subscription Agreement, the Intel Quartus Prime License Agreement,
the Intel FPGA IP License Agreement, or other applicable license
agreement, including, without limitation, that your use is for
the sole purpose of programming logic devices manufactured by
Intel and sold by Intel or its authorized distributors.  Please
refer to the applicable agreement for further details.



+---------------------------------------------------------------+
; Assembler Summary                                             ;
+-----------------------+---------------------------------------+
; Assembler Status      ; Successful - Wed Jun 17 12:23:38 2026 ;
; Revision Name         ; DE10_Standard_GHRD                    ;
; Top-level Entity Name ; DE10_Standard_GHRD                    ;
; Family                ; Cyclone V                             ;
; Device                ; 5CSXFC6D6F31C6                        ;
+-----------------------+---------------------------------------+


+----------------------------------+
; Assembler Settings               ;
+--------+---------+---------------+
; Option ; Setting ; Default Value ;
+--------+---------+---------------+


+---------------------------------------------------+
; Assembler Encrypted IP Cores Summary              ;
+--------+--------------------------+---------------+
; Vendor ; IP Core Name             ; License Type  ;
+--------+--------------------------+---------------+
; Altera ; NCO Compiler (6AF7 0014) ; OpenCore Plus ;
; Altera ; CIC Compiler (6AF7 00BB) ; Unlicensed    ;
; Altera ; Signal Tap (6AF7 BCE1)   ; Licensed      ;
; Altera ; Signal Tap (6AF7 BCEC)   ; Licensed      ;
+--------+--------------------------+---------------+


+--------------------+
; Assembler Messages ;
+--------------------+
Info: *******************************************************************
Info: Running Quartus Prime Assembler
    Info: Version 18.1.0 Build 625 09/12/2018 SJ Lite Edition
    Info: Processing started: Wed Jun 17 12:23:25 2026
Info: Command: quartus_asm --read_settings_files=off --write_settings_files=off DE10_Standard_GHRD -c DE10_Standard_GHRD
Warning (18236): Number of processors has not been specified which may cause overloading on shared machines.  Set the global assignment NUM_PARALLEL_PROCESSORS in your QSF to an appropriate value for best performance.
Warning (115003): Can't generate programming files for your current project because you do not have a valid license for the following IP core or cores.
    Warning (115005): Unlicensed IP: "CIC Compiler(6AF7 00BB)"
    Warning (115004): Unlicensed encrypted design file: "C:/Users/va956/Desktop/Magnetometro_de_Rb/Lockin_PLL/ip/CIC/CIC/synthesis/submodules/auk_dspip_avalon_streaming_source.vhd"
    Warning (115004): Unlicensed encrypted design file: "C:/Users/va956/Desktop/Magnetometro_de_Rb/Lockin_PLL/ip/CIC/CIC/synthesis/submodules/auk_dspip_avalon_streaming_controller.vhd"
    Warning (115004): Unlicensed encrypted design file: "C:/Users/va956/Desktop/Magnetometro_de_Rb/Lockin_PLL/ip/CIC/CIC/synthesis/submodules/auk_dspip_avalon_streaming_sink.vhd"
    Warning (115004): Unlicensed encrypted design file: "C:/Users/va956/Desktop/Magnetometro_de_Rb/Lockin_PLL/ip/CIC/CIC/synthesis/submodules/counter_module.sv"
    Warning (115004): Unlicensed encrypted design file: "C:/Users/va956/Desktop/Magnetometro_de_Rb/Lockin_PLL/ip/CIC/CIC/synthesis/submodules/alt_cic_core.sv"
    Warning (115004): Unlicensed encrypted design file: "C:/Users/va956/Desktop/Magnetometro_de_Rb/Lockin_PLL/ip/CIC/CIC/synthesis/submodules/auk_dspip_integrator.vhd"
    Warning (115004): Unlicensed encrypted design file: "C:/Users/va956/Desktop/Magnetometro_de_Rb/Lockin_PLL/ip/CIC/CIC/synthesis/submodules/alt_dsp_cic_common_pkg.sv"
    Warning (115004): Unlicensed encrypted design file: "C:/Users/va956/Desktop/Magnetometro_de_Rb/Lockin_PLL/ip/CIC/CIC/synthesis/submodules/alt_cic_dec_siso.sv"
    Warning (115004): Unlicensed encrypted design file: "C:/Users/va956/Desktop/Magnetometro_de_Rb/Lockin_PLL/ip/CIC/CIC/synthesis/submodules/auk_dspip_differentiator.vhd"
    Warning (115004): Unlicensed encrypted design file: "C:/Users/va956/Desktop/Magnetometro_de_Rb/Lockin_PLL/ip/CIC/CIC/synthesis/submodules/auk_dspip_downsample.sv"
    Warning (115004): Unlicensed encrypted design file: "C:/Users/va956/Desktop/Magnetometro_de_Rb/Lockin_PLL/ip/CIC/CIC/synthesis/submodules/auk_dspip_avalon_streaming_small_fifo.vhd"
    Warning (115004): Unlicensed encrypted design file: "C:/Users/va956/Desktop/Magnetometro_de_Rb/Lockin_PLL/ip/CIC/CIC/synthesis/submodules/auk_dspip_channel_buffer.vhd"
Info: Quartus Prime Assembler was successful. 0 errors, 15 warnings
    Info: Peak virtual memory: 5021 megabytes
    Info: Processing ended: Wed Jun 17 12:23:38 2026
    Info: Elapsed time: 00:00:13
    Info: Total CPU time (on all processors): 00:00:12


