Flow report for DE10_Standard_GHRD
Wed Jun 17 12:26:01 2026
Quartus Prime Version 18.1.0 Build 625 09/12/2018 SJ Lite Edition


---------------------
; Table of Contents ;
---------------------
  1. Legal Notice
  2. Flow Summary
  3. Flow Settings
  4. Flow Non-Default Global Settings
  5. Flow Elapsed Time
  6. Flow OS Summary
  7. Flow Log
  8. Flow Messages
  9. Flow Suppressed Messages



----------------
; Legal Notice ;
----------------
Copyright (C) 2018  Intel Corporation. All rights reserved.
Your use of Intel Corporation's design tools, logic functions 
and other software and tools, and its AMPP partner logic 
functions, and any output files from any of the foregoing 
(including device programming or simulation files), and any 
associated documentation or information are expressly subject 
to the terms and conditions of the Intel Program License 
Subscription Agreement, the Intel Quartus Prime License Agreement,
the Intel FPGA IP License Agreement, or other applicable license
agreement, including, without limitation, that your use is for
the sole purpose of programming logic devices manufactured by
Intel and sold by Intel or its authorized distributors.  Please
refer to the applicable agreement for further details.



+-------------------------------------------------------------------------------+
; Flow Summary                                                                  ;
+---------------------------------+---------------------------------------------+
; Flow Status                     ; Successful - Wed Jun 17 12:23:38 2026       ;
; Quartus Prime Version           ; 18.1.0 Build 625 09/12/2018 SJ Lite Edition ;
; Revision Name                   ; DE10_Standard_GHRD                          ;
; Top-level Entity Name           ; DE10_Standard_GHRD                          ;
; Family                          ; Cyclone V                                   ;
; Device                          ; 5CSXFC6D6F31C6                              ;
; Timing Models                   ; Final                                       ;
; Logic utilization (in ALMs)     ; 13,142 / 41,910 ( 31 % )                    ;
; Total registers                 ; 23322                                       ;
; Total pins                      ; 338 / 499 ( 68 % )                          ;
; Total virtual pins              ; 0                                           ;
; Total block memory bits         ; 3,184,432 / 5,662,720 ( 56 % )              ;
; Total DSP Blocks                ; 49 / 112 ( 44 % )                           ;
; Total HSSI RX PCSs              ; 0 / 9 ( 0 % )                               ;
; Total HSSI PMA RX Deserializers ; 0 / 9 ( 0 % )                               ;
; Total HSSI TX PCSs              ; 0 / 9 ( 0 % )                               ;
; Total HSSI PMA TX Serializers   ; 0 / 9 ( 0 % )                               ;
; Total PLLs                      ; 1 / 15 ( 7 % )                              ;
; Total DLLs                      ; 1 / 4 ( 25 % )                              ;
+---------------------------------+---------------------------------------------+


+-----------------------------------------+
; Flow Settings                           ;
+-------------------+---------------------+
; Option            ; Setting             ;
+-------------------+---------------------+
; Start date & time ; 06/17/2026 12:03:14 ;
; Main task         ; Compilation         ;
; Revision Name     ; DE10_Standard_GHRD  ;
+-------------------+---------------------+


+-----------------------------------------------------------------------------------------------------------------------------------------------------------------------------------------------------------------------------------------------------------------+
; Flow Non-Default Global Settings                                                                                                                                                                                                                                ;
+---------------------------------------+----------------------------------------------------------------------------------------------------------------------------------------------+---------------+--------------------------------+-------------------------+
; Assignment Name                       ; Value                                                                                                                                        ; Default Value ; Entity Name                    ; Section Id              ;
+---------------------------------------+----------------------------------------------------------------------------------------------------------------------------------------------+---------------+--------------------------------+-------------------------+
; COMPILER_SIGNATURE_ID                 ; 1098781649535.178169418401764                                                                                                                ; --            ; --                             ; --                      ;
; ECO_REGENERATE_REPORT                 ; On                                                                                                                                           ; Off           ; --                             ; --                      ;
; EDA_DESIGN_INSTANCE_NAME              ; NA                                                                                                                                           ; --            ; --                             ; tb_DE10_Lockin_Advanced ;
; EDA_NATIVELINK_GENERATE_SCRIPT_ONLY   ; Off                                                                                                                                          ; --            ; --                             ; eda_simulation          ;
; EDA_NATIVELINK_SIMULATION_TEST_BENCH  ; tb_DE10_Lockin_Advanced                                                                                                                      ; --            ; --                             ; eda_simulation          ;
; EDA_OUTPUT_DATA_FORMAT                ; None                                                                                                                                         ; --            ; --                             ; eda_simulation          ;
; EDA_TEST_BENCH_ENABLE_STATUS          ; TEST_BENCH_MODE                                                                                                                              ; --            ; --                             ; eda_simulation          ;
; EDA_TEST_BENCH_FILE                   ; tb_DE10_Lockin_Advanced.v                                                                                                                    ; --            ; --                             ; tb_DE10_Lockin_Advanced ;
; EDA_TEST_BENCH_MODULE_NAME            ; tb_DE10_Lockin_Advanced                                                                                                                      ; --            ; --                             ; tb_DE10_Lockin_Advanced ;
; EDA_TEST_BENCH_NAME                   ; tb_DE10_Lockin_Advanced                                                                                                                      ; --            ; --                             ; eda_simulation          ;
; EDA_TIME_SCALE                        ; 1 ps                                                                                                                                         ; --            ; --                             ; eda_simulation          ;
; ENABLE_SIGNALTAP                      ; On                                                                                                                                           ; --            ; --                             ; --                      ;
; HPS_ISW_FILE                          ; soc_system/synthesis/submodules/sequencer/alt_types.pre.h                                                                                    ; --            ; soc_system_hps_0_hps_io_border ; --                      ;
; HPS_ISW_FILE                          ; soc_system/synthesis/submodules/sequencer/emif.pre.xml                                                                                       ; --            ; soc_system_hps_0_hps_io_border ; --                      ;
; HPS_ISW_FILE                          ; soc_system/synthesis/submodules/sequencer/sdram_io.pre.h                                                                                     ; --            ; soc_system_hps_0_hps_io_border ; --                      ;
; HPS_ISW_FILE                          ; soc_system/synthesis/submodules/sequencer/sequencer.pre.c                                                                                    ; --            ; soc_system_hps_0_hps_io_border ; --                      ;
; HPS_ISW_FILE                          ; soc_system/synthesis/submodules/sequencer/sequencer.pre.h                                                                                    ; --            ; soc_system_hps_0_hps_io_border ; --                      ;
; HPS_ISW_FILE                          ; soc_system/synthesis/submodules/sequencer/sequencer_auto.pre.h                                                                               ; --            ; soc_system_hps_0_hps_io_border ; --                      ;
; HPS_ISW_FILE                          ; soc_system/synthesis/submodules/sequencer/sequencer_auto_ac_init.pre.c                                                                       ; --            ; soc_system_hps_0_hps_io_border ; --                      ;
; HPS_ISW_FILE                          ; soc_system/synthesis/submodules/sequencer/sequencer_auto_inst_init.pre.c                                                                     ; --            ; soc_system_hps_0_hps_io_border ; --                      ;
; HPS_ISW_FILE                          ; soc_system/synthesis/submodules/sequencer/sequencer_defines.pre.h                                                                            ; --            ; soc_system_hps_0_hps_io_border ; --                      ;
; HPS_ISW_FILE                          ; soc_system/synthesis/submodules/sequencer/system.pre.h                                                                                       ; --            ; soc_system_hps_0_hps_io_border ; --                      ;
; HPS_ISW_FILE                          ; soc_system/synthesis/submodules/sequencer/tclrpt.pre.c                                                                                       ; --            ; soc_system_hps_0_hps_io_border ; --                      ;
; HPS_ISW_FILE                          ; soc_system/synthesis/submodules/sequencer/tclrpt.pre.h                                                                                       ; --            ; soc_system_hps_0_hps_io_border ; --                      ;
; HPS_ISW_FILE                          ; soc_system/synthesis/submodules/hps.pre.xml                                                                                                  ; --            ; soc_system_hps_0_hps_io_border ; --                      ;
; HPS_PARTITION                         ; On                                                                                                                                           ; --            ; soc_system_hps_0_hps_io_border ; --                      ;
; MAX_CORE_JUNCTION_TEMP                ; 85                                                                                                                                           ; --            ; --                             ; --                      ;
; MIN_CORE_JUNCTION_TEMP                ; 0                                                                                                                                            ; --            ; --                             ; --                      ;
; MISC_FILE                             ; ip/CIC/CIC/synthesis/../CIC.cmp                                                                                                              ; --            ; --                             ; --                      ;
; MISC_FILE                             ; ip/CIC/CIC/synthesis/../../CIC.qsys                                                                                                          ; --            ; --                             ; --                      ;
; MISC_FILE                             ; ip/LPM_divide/lpm_divide_ip_inst.v                                                                                                           ; --            ; --                             ; --                      ;
; MISC_FILE                             ; ip/LPM_divide/lpm_divide_ip_bb.v                                                                                                             ; --            ; --                             ; --                      ;
; MISC_FILE                             ; ip/PLL/pll_20mhz.cmp                                                                                                                         ; --            ; --                             ; --                      ;
; MISC_FILE                             ; cordic_R/synthesis/../cordic_R.cmp                                                                                                           ; --            ; --                             ; --                      ;
; MISC_FILE                             ; cordic_R/synthesis/../../cordic_R.qsys                                                                                                       ; --            ; --                             ; --                      ;
; MISC_FILE                             ; nco_sin_gen/synthesis/../nco_sin_gen.cmp                                                                                                     ; --            ; --                             ; --                      ;
; MISC_FILE                             ; nco_sin_gen/synthesis/../../nco_sin_gen.qsys                                                                                                 ; --            ; --                             ; --                      ;
; MISC_FILE                             ; ip/altsource_probe/hps_reset_bb.v                                                                                                            ; --            ; --                             ; --                      ;
; MISC_FILE                             ; soc_system/synthesis/../soc_system.cmp                                                                                                       ; --            ; --                             ; --                      ;
; MISC_FILE                             ; soc_system/synthesis/../../C                                                                                                                 ; --            ; --                             ; --                      ;
; MISC_FILE                             ; soc_system/synthesis/soc_system_hps_0_hps.svd                                                                                                ; --            ; --                             ; --                      ;
; MISC_FILE                             ; soc_system/synthesis/../../soc_system.qsys                                                                                                   ; --            ; --                             ; --                      ;
; MISC_FILE                             ; soc_system/synthesis/submodules/sequencer/alt_types.pre.h                                                                                    ; --            ; --                             ; --                      ;
; MISC_FILE                             ; soc_system/synthesis/submodules/sequencer/emif.pre.xml                                                                                       ; --            ; --                             ; --                      ;
; MISC_FILE                             ; soc_system/synthesis/submodules/sequencer/sdram_io.pre.h                                                                                     ; --            ; --                             ; --                      ;
; MISC_FILE                             ; soc_system/synthesis/submodules/sequencer/sequencer.pre.c                                                                                    ; --            ; --                             ; --                      ;
; MISC_FILE                             ; soc_system/synthesis/submodules/sequencer/sequencer.pre.h                                                                                    ; --            ; --                             ; --                      ;
; MISC_FILE                             ; soc_system/synthesis/submodules/sequencer/sequencer_auto.pre.h                                                                               ; --            ; --                             ; --                      ;
; MISC_FILE                             ; soc_system/synthesis/submodules/sequencer/sequencer_auto_ac_init.pre.c                                                                       ; --            ; --                             ; --                      ;
; MISC_FILE                             ; soc_system/synthesis/submodules/sequencer/sequencer_auto_inst_init.pre.c                                                                     ; --            ; --                             ; --                      ;
; MISC_FILE                             ; soc_system/synthesis/submodules/sequencer/sequencer_defines.pre.h                                                                            ; --            ; --                             ; --                      ;
; MISC_FILE                             ; soc_system/synthesis/submodules/sequencer/system.pre.h                                                                                       ; --            ; --                             ; --                      ;
; MISC_FILE                             ; soc_system/synthesis/submodules/sequencer/tclrpt.pre.c                                                                                       ; --            ; --                             ; --                      ;
; MISC_FILE                             ; soc_system/synthesis/submodules/sequencer/tclrpt.pre.h                                                                                       ; --            ; --                             ; --                      ;
; MISC_FILE                             ; soc_system/synthesis/submodules/hps.pre.xml                                                                                                  ; --            ; --                             ; --                      ;
; MISC_FILE                             ; multiplicador_lockin_bb.v                                                                                                                    ; --            ; --                             ; --                      ;
; MISC_FILE                             ; ip/FIR/FIR_II.cmp                                                                                                                            ; --            ; --                             ; --                      ;
; MISC_FILE                             ; ip/FIR/FIR_II_sim/dspba_library_package.vhd                                                                                                  ; --            ; --                             ; --                      ;
; MISC_FILE                             ; ip/FIR/FIR_II_sim/dspba_library.vhd                                                                                                          ; --            ; --                             ; --                      ;
; MISC_FILE                             ; ip/FIR/FIR_II_sim/auk_dspip_math_pkg_hpfir.vhd                                                                                               ; --            ; --                             ; --                      ;
; MISC_FILE                             ; ip/FIR/FIR_II_sim/auk_dspip_lib_pkg_hpfir.vhd                                                                                                ; --            ; --                             ; --                      ;
; MISC_FILE                             ; ip/FIR/FIR_II_sim/auk_dspip_avalon_streaming_controller_hpfir.vhd                                                                            ; --            ; --                             ; --                      ;
; MISC_FILE                             ; ip/FIR/FIR_II_sim/auk_dspip_avalon_streaming_sink_hpfir.vhd                                                                                  ; --            ; --                             ; --                      ;
; MISC_FILE                             ; ip/FIR/FIR_II_sim/auk_dspip_avalon_streaming_source_hpfir.vhd                                                                                ; --            ; --                             ; --                      ;
; MISC_FILE                             ; ip/FIR/FIR_II_sim/auk_dspip_roundsat_hpfir.vhd                                                                                               ; --            ; --                             ; --                      ;
; MISC_FILE                             ; ip/FIR/FIR_II_sim/altera_avalon_sc_fifo.v                                                                                                    ; --            ; --                             ; --                      ;
; MISC_FILE                             ; ip/FIR/FIR_II_sim/FIR_II_rtl_core_u0_m0_wo0_cm0_lutmem.hex                                                                                   ; --            ; --                             ; --                      ;
; MISC_FILE                             ; ip/FIR/FIR_II_sim/FIR_II_rtl_core_u0_m0_wo0_wi0_r0_ra0_count1_lut_lutmem.hex                                                                 ; --            ; --                             ; --                      ;
; MISC_FILE                             ; ip/FIR/FIR_II_sim/FIR_II_rtl_core.vhd                                                                                                        ; --            ; --                             ; --                      ;
; MISC_FILE                             ; ip/FIR/FIR_II_sim/FIR_II_ast.vhd                                                                                                             ; --            ; --                             ; --                      ;
; MISC_FILE                             ; ip/FIR/FIR_II_sim/FIR_II.vhd                                                                                                                 ; --            ; --                             ; --                      ;
; MISC_FILE                             ; ip/FIR/FIR_II_sim/FIR_II_nativelink.tcl                                                                                                      ; --            ; --                             ; --                      ;
; MISC_FILE                             ; ip/FIR/FIR_II_sim/FIR_II_msim.tcl                                                                                                            ; --            ; --                             ; --                      ;
; MISC_FILE                             ; ip/FIR/FIR_II_sim/FIR_II_tb.vhd                                                                                                              ; --            ; --                             ; --                      ;
; MISC_FILE                             ; ip/FIR/FIR_II_sim/FIR_II_mlab.m                                                                                                              ; --            ; --                             ; --                      ;
; MISC_FILE                             ; ip/FIR/FIR_II_sim/FIR_II_model.m                                                                                                             ; --            ; --                             ; --                      ;
; MISC_FILE                             ; ip/FIR/FIR_II_sim/FIR_II_coef_int.txt                                                                                                        ; --            ; --                             ; --                      ;
; MISC_FILE                             ; ip/FIR/FIR_II_sim/FIR_II_input.txt                                                                                                           ; --            ; --                             ; --                      ;
; MISC_FILE                             ; ip/FIR/FIR_II_sim/FIR_II_param.txt                                                                                                           ; --            ; --                             ; --                      ;
; PARTITION_COLOR                       ; -- (Not supported for targeted family)                                                                                                       ; --            ; --                             ; Top                     ;
; PARTITION_FITTER_PRESERVATION_LEVEL   ; -- (Not supported for targeted family)                                                                                                       ; --            ; --                             ; Top                     ;
; PARTITION_NETLIST_TYPE                ; -- (Not supported for targeted family)                                                                                                       ; --            ; --                             ; Top                     ;
; POWER_BOARD_THERMAL_MODEL             ; None (CONSERVATIVE)                                                                                                                          ; --            ; --                             ; --                      ;
; POWER_PRESET_COOLING_SOLUTION         ; 23 MM HEAT SINK WITH 200 LFPM AIRFLOW                                                                                                        ; --            ; --                             ; --                      ;
; PROJECT_OUTPUT_DIRECTORY              ; output_files                                                                                                                                 ; --            ; --                             ; --                      ;
; SLD_FILE                              ; ip/CIC/CIC/synthesis/CIC.debuginfo                                                                                                           ; --            ; --                             ; --                      ;
; SLD_FILE                              ; cordic_R/synthesis/cordic_R.debuginfo                                                                                                        ; --            ; --                             ; --                      ;
; SLD_FILE                              ; nco_sin_gen/synthesis/nco_sin_gen.debuginfo                                                                                                  ; --            ; --                             ; --                      ;
; SLD_FILE                              ; soc_system/synthesis/soc_system.regmap                                                                                                       ; --            ; --                             ; --                      ;
; SLD_FILE                              ; soc_system/synthesis/soc_system.debuginfo                                                                                                    ; --            ; --                             ; --                      ;
; SLD_FILE                              ; db/stp1_auto_stripped.stp                                                                                                                    ; --            ; --                             ; --                      ;
; SLD_INFO                              ; QSYS_NAME CIC HAS_SOPCINFO 1 GENERATION_ID 1781691076                                                                                        ; --            ; CIC                            ; --                      ;
; SLD_INFO                              ; QSYS_NAME cordic_R HAS_SOPCINFO 1 GENERATION_ID 1777408463                                                                                   ; --            ; cordic_R                       ; --                      ;
; SLD_INFO                              ; QSYS_NAME nco_sin_gen HAS_SOPCINFO 1 GENERATION_ID 1781557539                                                                                ; --            ; nco_sin_gen                    ; --                      ;
; SLD_INFO                              ; QSYS_NAME soc_system HAS_SOPCINFO 1 GENERATION_ID 1779739681                                                                                 ; --            ; soc_system                     ; --                      ;
; SLD_NODE_CREATOR_ID                   ; 110                                                                                                                                          ; --            ; --                             ; auto_signaltap_0        ;
; SLD_NODE_ENTITY_NAME                  ; sld_signaltap                                                                                                                                ; --            ; --                             ; auto_signaltap_0        ;
; SLD_NODE_PARAMETER_ASSIGNMENT         ; SLD_RAM_BLOCK_TYPE=AUTO                                                                                                                      ; --            ; --                             ; auto_signaltap_0        ;
; SLD_NODE_PARAMETER_ASSIGNMENT         ; SLD_NODE_INFO=805334528                                                                                                                      ; --            ; --                             ; auto_signaltap_0        ;
; SLD_NODE_PARAMETER_ASSIGNMENT         ; SLD_POWER_UP_TRIGGER=0                                                                                                                       ; --            ; --                             ; auto_signaltap_0        ;
; SLD_NODE_PARAMETER_ASSIGNMENT         ; SLD_ATTRIBUTE_MEM_MODE=OFF                                                                                                                   ; --            ; --                             ; auto_signaltap_0        ;
; SLD_NODE_PARAMETER_ASSIGNMENT         ; SLD_STATE_FLOW_USE_GENERATED=0                                                                                                               ; --            ; --                             ; auto_signaltap_0        ;
; SLD_NODE_PARAMETER_ASSIGNMENT         ; SLD_STATE_BITS=11                                                                                                                            ; --            ; --                             ; auto_signaltap_0        ;
; SLD_NODE_PARAMETER_ASSIGNMENT         ; SLD_BUFFER_FULL_STOP=1                                                                                                                       ; --            ; --                             ; auto_signaltap_0        ;
; SLD_NODE_PARAMETER_ASSIGNMENT         ; SLD_CURRENT_RESOURCE_WIDTH=1                                                                                                                 ; --            ; --                             ; auto_signaltap_0        ;
; SLD_NODE_PARAMETER_ASSIGNMENT         ; SLD_INCREMENTAL_ROUTING=1                                                                                                                    ; --            ; --                             ; auto_signaltap_0        ;
; SLD_NODE_PARAMETER_ASSIGNMENT         ; SLD_TRIGGER_PIPELINE=0                                                                                                                       ; --            ; --                             ; auto_signaltap_0        ;
; SLD_NODE_PARAMETER_ASSIGNMENT         ; SLD_COUNTER_PIPELINE=0                                                                                                                       ; --            ; --                             ; auto_signaltap_0        ;
; SLD_NODE_PARAMETER_ASSIGNMENT         ; SLD_TRIGGER_LEVEL_PIPELINE=1                                                                                                                 ; --            ; --                             ; auto_signaltap_0        ;
; SLD_NODE_PARAMETER_ASSIGNMENT         ; SLD_TRIGGER_IN_ENABLED=1                                                                                                                     ; --            ; --                             ; auto_signaltap_0        ;
; SLD_NODE_PARAMETER_ASSIGNMENT         ; SLD_TRIGGER_LEVEL=2                                                                                                                          ; --            ; --                             ; auto_signaltap_0        ;
; SLD_NODE_PARAMETER_ASSIGNMENT         ; SLD_RAM_PIPELINE=2                                                                                                                           ; --            ; --                             ; auto_signaltap_0        ;
; SLD_NODE_PARAMETER_ASSIGNMENT         ; SLD_STORAGE_QUALIFIER_MODE=TRANSITIONAL                                                                                                      ; --            ; --                             ; auto_signaltap_0        ;
; SLD_NODE_PARAMETER_ASSIGNMENT         ; SLD_STORAGE_QUALIFIER_GAP_RECORD=1                                                                                                           ; --            ; --                             ; auto_signaltap_0        ;
; SLD_NODE_PARAMETER_ASSIGNMENT         ; SLD_ENABLE_ADVANCED_TRIGGER=1                                                                                                                ; --            ; --                             ; auto_signaltap_0        ;
; SLD_NODE_PARAMETER_ASSIGNMENT         ; SLD_SEGMENT_SIZE=256                                                                                                                         ; --            ; --                             ; auto_signaltap_0        ;
; SLD_NODE_PARAMETER_ASSIGNMENT         ; SLD_SAMPLE_DEPTH=256                                                                                                                         ; --            ; --                             ; auto_signaltap_0        ;
; SLD_NODE_PARAMETER_ASSIGNMENT         ; SLD_TRIGGER_BITS=1                                                                                                                           ; --            ; --                             ; auto_signaltap_0        ;
; SLD_NODE_PARAMETER_ASSIGNMENT         ; SLD_DATA_BITS=25                                                                                                                             ; --            ; --                             ; auto_signaltap_0        ;
; SLD_NODE_PARAMETER_ASSIGNMENT         ; SLD_STORAGE_QUALIFIER_BITS=25                                                                                                                ; --            ; --                             ; auto_signaltap_0        ;
; SLD_NODE_PARAMETER_ASSIGNMENT         ; SLD_INVERSION_MASK=000000000000000000000000000000000000000000000000                                                                          ; --            ; --                             ; auto_signaltap_0        ;
; SLD_NODE_PARAMETER_ASSIGNMENT         ; SLD_INVERSION_MASK_LENGTH=48                                                                                                                 ; --            ; --                             ; auto_signaltap_0        ;
; SLD_NODE_PARAMETER_ASSIGNMENT         ; SLD_STORAGE_QUALIFIER_INVERSION_MASK_LENGTH=26                                                                                               ; --            ; --                             ; auto_signaltap_0        ;
; SLD_NODE_PARAMETER_ASSIGNMENT         ; SLD_ADVANCED_TRIGGER_ENTITY=sld_reserved_DE10_Standard_GHRD_auto_signaltap_0_1_2d3a,sld_reserved_DE10_Standard_GHRD_auto_signaltap_0_2_2d3a, ; --            ; --                             ; auto_signaltap_0        ;
; SOPCINFO_FILE                         ; ip/CIC/CIC/synthesis/../../CIC.sopcinfo                                                                                                      ; --            ; --                             ; --                      ;
; SOPCINFO_FILE                         ; cordic_R/synthesis/../../cordic_R.sopcinfo                                                                                                   ; --            ; --                             ; --                      ;
; SOPCINFO_FILE                         ; nco_sin_gen/synthesis/../../nco_sin_gen.sopcinfo                                                                                             ; --            ; --                             ; --                      ;
; SOPCINFO_FILE                         ; soc_system/synthesis/../../soc_system.sopcinfo                                                                                               ; --            ; --                             ; --                      ;
; SPD_FILE                              ; ip/FIR/FIR_II.spd                                                                                                                            ; --            ; --                             ; --                      ;
; SYNTHESIS_ONLY_QIP                    ; On                                                                                                                                           ; --            ; --                             ; --                      ;
; SYNTHESIS_ONLY_QIP                    ; On                                                                                                                                           ; --            ; --                             ; --                      ;
; SYNTHESIS_ONLY_QIP                    ; On                                                                                                                                           ; --            ; --                             ; --                      ;
; SYNTHESIS_ONLY_QIP                    ; On                                                                                                                                           ; --            ; --                             ; --                      ;
; SYNTHESIS_ONLY_QIP                    ; On                                                                                                                                           ; --            ; --                             ; --                      ;
; SYNTHESIS_ONLY_QIP                    ; On                                                                                                                                           ; --            ; --                             ; --                      ;
; USE_DLL_FREQUENCY_FOR_DQS_DELAY_CHAIN ; On                                                                                                                                           ; Off           ; --                             ; --                      ;
; USE_SIGNALTAP_FILE                    ; stp1.stp                                                                                                                                     ; --            ; --                             ; --                      ;
+---------------------------------------+----------------------------------------------------------------------------------------------------------------------------------------------+---------------+--------------------------------+-------------------------+


+--------------------------------------------------------------------------------------------------------------------------+
; Flow Elapsed Time                                                                                                        ;
+----------------------+--------------+-------------------------+---------------------+------------------------------------+
; Module Name          ; Elapsed Time ; Average Processors Used ; Peak Virtual Memory ; Total CPU Time (on all processors) ;
+----------------------+--------------+-------------------------+---------------------+------------------------------------+
; Analysis & Synthesis ; 00:03:11     ; 1.3                     ; 5701 MB             ; 00:04:06                           ;
; Fitter               ; 00:11:09     ; 1.4                     ; 8274 MB             ; 00:23:08                           ;
; Assembler            ; 00:00:13     ; 1.0                     ; 5021 MB             ; 00:00:12                           ;
; Timing Analyzer      ; 00:02:20     ; 1.7                     ; 6356 MB             ; 00:03:37                           ;
; Total                ; 00:16:53     ; --                      ; --                  ; 00:31:03                           ;
+----------------------+--------------+-------------------------+---------------------+------------------------------------+


+------------------------------------------------------------------------------------+
; Flow OS Summary                                                                    ;
+----------------------+------------------+------------+------------+----------------+
; Module Name          ; Machine Hostname ; OS Name    ; OS Version ; Processor type ;
+----------------------+------------------+------------+------------+----------------+
; Analysis & Synthesis ; DESKTOP-M8DGP4T  ; Windows 10 ; 10.0       ; x86_64         ;
; Fitter               ; DESKTOP-M8DGP4T  ; Windows 10 ; 10.0       ; x86_64         ;
; Assembler            ; DESKTOP-M8DGP4T  ; Windows 10 ; 10.0       ; x86_64         ;
; Timing Analyzer      ; DESKTOP-M8DGP4T  ; Windows 10 ; 10.0       ; x86_64         ;
+----------------------+------------------+------------+------------+----------------+


------------
; Flow Log ;
------------
quartus_map --read_settings_files=on --write_settings_files=off DE10_Standard_GHRD -c DE10_Standard_GHRD
quartus_fit --read_settings_files=off --write_settings_files=off DE10_Standard_GHRD -c DE10_Standard_GHRD
quartus_asm --read_settings_files=off --write_settings_files=off DE10_Standard_GHRD -c DE10_Standard_GHRD
quartus_sta DE10_Standard_GHRD -c DE10_Standard_GHRD



